<?xml version="1.0" encoding="UTF-8"?>
<testng-results ignored="0" total="1" passed="1" failed="0" skipped="0">
  <reporter-output>
  </reporter-output>
  <suite started-at="2023-05-27T21:43:47 IST" name="Default suite" finished-at="2023-05-27T21:44:11 IST" duration-ms="23971">
    <groups>
    </groups>
    <test started-at="2023-05-27T21:43:47 IST" name="Default test" finished-at="2023-05-27T21:44:11 IST" duration-ms="23971">
      <class name="practice.Shirt_Price_Cal">
        <test-method is-config="true" signature="applauch()[pri:0, instance:practice.Shirt_Price_Cal@7d9d0818]" started-at="2023-05-27T21:43:47 IST" name="applauch" finished-at="2023-05-27T21:44:05 IST" duration-ms="17400" status="PASS">
          <reporter-output>
          </reporter-output>
        </test-method> <!-- applauch -->
        <test-method signature="shirts_price()[pri:0, instance:practice.Shirt_Price_Cal@7d9d0818]" started-at="2023-05-27T21:44:05 IST" name="shirts_price" finished-at="2023-05-27T21:44:11 IST" duration-ms="6273" status="PASS">
          <reporter-output>
          </reporter-output>
        </test-method> <!-- shirts_price -->
      </class> <!-- practice.Shirt_Price_Cal -->
    </test> <!-- Default test -->
  </suite> <!-- Default suite -->
</testng-results>
