<?xml version="1.0" encoding="UTF-8"?>
<!-- Generated by org.testng.reporters.JUnitXMLReporter -->
<testsuite ignored="0" hostname="DESKTOP-H5O9SFP" failures="0" tests="6" name="Test" time="0.102" errors="0" timestamp="2023-04-07T11:28:10 IST">
  <testcase classname="TestNG.DependsOnMethods" name="uday437" time="0.011"/>
  <testcase classname="TestNG.DependsOnMethods" name="akash407" time="0.002"/>
  <testcase classname="TestNG.DependsOnMethods" name="venkatesh443" time="0.002"/>
  <testcase classname="TestNG.DependsOnMethods" name="prudvi436" time="0.003"/>
  <testcase classname="TestNG.Testng" name="u1" time="0.004"/>
  <testcase classname="TestNG.Testng" name="m1" time="0.001"/>
</testsuite> <!-- Test -->
